{
  "RSpec": {
    "coverage": {
      "/Users/kvineetha/Desktop/Calculator/lib/math.rb": [
        1,
        1,
        1
      ],
      "/Users/kvineetha/Desktop/Calculator/lib/math/calculation.rb": [
        1,
        null,
        1,
        null,
        1,
        25,
        null,
        null,
        1,
        5,
        null,
        null,
        1,
        5,
        null,
        null,
        1,
        2,
        null,
        null,
        1,
        3,
        2,
        null,
        1,
        null,
        null,
        null,
        1,
        2,
        null,
        null,
        1,
        2,
        null,
        null,
        1,
        2,
        null,
        null,
        1,
        2,
        null,
        null,
        1,
        2,
        null,
        null,
        1,
        2,
        null,
        null,
        1,
        2,
        null,
        null,
        null,
        null
      ],
      "/Users/kvineetha/Desktop/Calculator/lib/math/launch.rb": [
        null,
        1,
        1,
        1,
        null,
        null,
        1,
        0,
        0,
        0,
        0,
        0,
        0,
        null,
        null,
        null,
        1,
        1,
        1,
        null,
        null
      ],
      "/Users/kvineetha/Desktop/Calculator/lib/math/parser.rb": [
        1,
        1,
        13,
        13,
        null,
        null,
        1,
        18,
        18,
        18,
        18,
        null,
        4,
        null,
        4,
        null,
        1,
        null,
        1,
        null,
        1,
        null,
        1,
        null,
        1,
        null,
        1,
        null,
        1,
        null,
        1,
        null,
        1,
        null,
        1,
        null,
        null,
        18,
        null,
        null,
        1,
        1,
        1,
        2,
        null,
        1,
        null,
        null,
        null,
        null,
        null,
        null
      ],
      "/Users/kvineetha/Desktop/Calculator/spec/math/launch_spec.rb": [
        1,
        1,
        null,
        null,
        1,
        null,
        1,
        2,
        2,
        1,
        null,
        1,
        1,
        null,
        null,
        null,
        null,
        null
      ],
      "/Users/kvineetha/Desktop/Calculator/spec/math/parser_spec.rb": [
        1,
        null,
        1,
        null,
        13,
        null,
        1,
        1,
        null,
        1,
        1,
        null,
        1,
        1,
        null,
        1,
        1,
        null,
        1,
        1,
        null,
        1,
        1,
        null,
        1,
        1,
        null,
        1,
        1,
        null,
        1,
        1,
        null,
        1,
        1,
        null,
        1,
        1,
        null,
        1,
        1,
        1,
        1,
        1,
        1,
        null,
        null,
        null,
        null
      ]
    },
    "timestamp": 1423040211
  }
}
