{
  "RSpec": {
    "coverage": {
      "/Users/kvineetha/Desktop/Calculator/lib/math.rb": [
        1,
        1,
        1
      ],
      "/Users/kvineetha/Desktop/Calculator/lib/math/calculation.rb": [
        1,
        1,
        1,
        null,
        null,
        null,
        1,
        null,
        1,
        null,
        null,
        1,
        1,
        null,
        null,
        1,
        1,
        null,
        null,
        1,
        2,
        1,
        null,
        1,
        null,
        null,
        null,
        1,
        1,
        null,
        null,
        1,
        null,
        null,
        null
      ],
      "/Users/kvineetha/Desktop/Calculator/lib/math/launch.rb": [
        null,
        1,
        1,
        0,
        0,
        0,
        0,
        0,
        0,
        0,
        null,
        null,
        null
      ],
      "/Users/kvineetha/Desktop/Calculator/lib/math/parser.rb": [
        1,
        1,
        0,
        0,
        null,
        null,
        1,
        0,
        0,
        null,
        0,
        null,
        0,
        null,
        0,
        null,
        0,
        null,
        0,
        null,
        null,
        null,
        null,
        null,
        null,
        null
      ],
      "/Users/kvineetha/Desktop/Calculator/spec/math/parser_spec.rb": [
        1,
        null,
        1,
        null,
        2,
        null,
        1,
        1,
        null,
        null
      ]
    },
    "timestamp": 1422954568
  }
}
